<?xml version="1.0" encoding="UTF-8"?>
<testsuite name="com.test.service.impl.GoogleMapsGeolocationServiceTest" tests="1" skipped="0" failures="0" errors="0" timestamp="2017-04-06T08:24:56" hostname="PCVAL343" time="1.297">
  <properties/>
  <testcase name="enrichWithLocation" classname="com.test.service.impl.GoogleMapsGeolocationServiceTest" time="1.297"/>
  <system-out><![CDATA[2017-04-06 10:24:55.947  INFO 8956 --- [    Test worker] .b.t.c.SpringBootTestContextBootstrapper : Neither @ContextConfiguration nor @ContextHierarchy found for test class [com.test.service.impl.GoogleMapsGeolocationServiceTest], using SpringBootContextLoader
2017-04-06 10:24:55.947  INFO 8956 --- [    Test worker] o.s.t.c.support.AbstractContextLoader    : Could not detect default resource locations for test class [com.test.service.impl.GoogleMapsGeolocationServiceTest]: no resource found for suffixes {-context.xml, Context.groovy}.
2017-04-06 10:24:55.947  INFO 8956 --- [    Test worker] t.c.s.AnnotationConfigContextLoaderUtils : Could not detect default configuration classes for test class [com.test.service.impl.GoogleMapsGeolocationServiceTest]: GoogleMapsGeolocationServiceTest does not declare any static, non-private, non-final, nested classes annotated with @Configuration.
2017-04-06 10:24:55.978  INFO 8956 --- [    Test worker] .b.t.c.SpringBootTestContextBootstrapper : Found @SpringBootConfiguration com.test.Application for test class com.test.service.impl.GoogleMapsGeolocationServiceTest
2017-04-06 10:24:55.978  INFO 8956 --- [    Test worker] .b.t.c.SpringBootTestContextBootstrapper : Loaded default TestExecutionListener class names from location [META-INF/spring.factories]: [org.springframework.boot.test.mock.mockito.MockitoTestExecutionListener, org.springframework.boot.test.mock.mockito.ResetMocksTestExecutionListener, org.springframework.boot.test.autoconfigure.restdocs.RestDocsTestExecutionListener, org.springframework.boot.test.autoconfigure.web.client.MockRestServiceServerResetTestExecutionListener, org.springframework.boot.test.autoconfigure.web.servlet.MockMvcPrintOnlyOnFailureTestExecutionListener, org.springframework.boot.test.autoconfigure.web.servlet.WebDriverTestExecutionListener, org.springframework.test.context.web.ServletTestExecutionListener, org.springframework.test.context.support.DirtiesContextBeforeModesTestExecutionListener, org.springframework.test.context.support.DependencyInjectionTestExecutionListener, org.springframework.test.context.support.DirtiesContextTestExecutionListener, org.springframework.test.context.transaction.TransactionalTestExecutionListener, org.springframework.test.context.jdbc.SqlScriptsTestExecutionListener]
2017-04-06 10:24:55.978  INFO 8956 --- [    Test worker] .b.t.c.SpringBootTestContextBootstrapper : Could not instantiate TestExecutionListener [org.springframework.test.context.transaction.TransactionalTestExecutionListener]. Specify custom listener classes or make the default listener classes (and their required dependencies) available. Offending class: [org/springframework/transaction/interceptor/TransactionAttributeSource]
2017-04-06 10:24:55.978  INFO 8956 --- [    Test worker] .b.t.c.SpringBootTestContextBootstrapper : Could not instantiate TestExecutionListener [org.springframework.test.context.jdbc.SqlScriptsTestExecutionListener]. Specify custom listener classes or make the default listener classes (and their required dependencies) available. Offending class: [org/springframework/transaction/interceptor/TransactionAttribute]
2017-04-06 10:24:55.978  INFO 8956 --- [    Test worker] .b.t.c.SpringBootTestContextBootstrapper : Using TestExecutionListeners: [org.springframework.test.context.web.ServletTestExecutionListener@71436fdc, org.springframework.test.context.support.DirtiesContextBeforeModesTestExecutionListener@55aff4f5, org.springframework.boot.test.autoconfigure.SpringBootDependencyInjectionTestExecutionListener@71ec799f, org.springframework.test.context.support.DirtiesContextTestExecutionListener@36e99a54, org.springframework.boot.test.autoconfigure.restdocs.RestDocsTestExecutionListener@5c3e2eda, org.springframework.boot.test.mock.mockito.ResetMocksTestExecutionListener@769c61f4, org.springframework.boot.test.autoconfigure.web.servlet.WebDriverTestExecutionListener@64aece39, org.springframework.boot.test.autoconfigure.web.client.MockRestServiceServerResetTestExecutionListener@1eefc3c2, org.springframework.boot.test.mock.mockito.MockitoTestExecutionListener@338a763b, org.springframework.boot.test.autoconfigure.web.servlet.MockMvcPrintOnlyOnFailureTestExecutionListener@268c227f]

  .   ____          _            __ _ _
 /\\ / ___'_ __ _ _(_)_ __  __ _ \ \ \ \
( ( )\___ | '_ | '_| | '_ \/ _` | \ \ \ \
 \\/  ___)| |_)| | | | | || (_| |  ) ) ) )
  '  |____| .__|_| |_|_| |_\__, | / / / /
 =========|_|==============|___/=/_/_/_/
 :: Spring Boot ::        (v1.5.2.RELEASE)

2017-04-06 10:24:56.025  INFO 8956 --- [    Test worker] c.t.s.i.GoogleMapsGeolocationServiceTest : Starting GoogleMapsGeolocationServiceTest on PCVAL343 with PID 8956 (started by JTRO in C:\Users\jtro\Documents\asset-challenge)
2017-04-06 10:24:56.025  INFO 8956 --- [    Test worker] c.t.s.i.GoogleMapsGeolocationServiceTest : No active profile set, falling back to default profiles: default
2017-04-06 10:24:56.025  INFO 8956 --- [    Test worker] o.s.w.c.s.GenericWebApplicationContext   : Refreshing org.springframework.web.context.support.GenericWebApplicationContext@3fdb7ac1: startup date [Thu Apr 06 10:24:56 CEST 2017]; root of context hierarchy
2017-04-06 10:24:56.510  INFO 8956 --- [    Test worker] s.w.s.m.m.a.RequestMappingHandlerAdapter : Looking for @ControllerAdvice: org.springframework.web.context.support.GenericWebApplicationContext@3fdb7ac1: startup date [Thu Apr 06 10:24:56 CEST 2017]; root of context hierarchy
2017-04-06 10:24:56.525  INFO 8956 --- [    Test worker] s.w.s.m.m.a.RequestMappingHandlerMapping : Mapped "{[/shops],methods=[POST]}" onto public com.test.model.Shop com.test.controller.ShopController.addShop(com.test.model.Shop)
2017-04-06 10:24:56.525  INFO 8956 --- [    Test worker] s.w.s.m.m.a.RequestMappingHandlerMapping : Mapped "{[/shops],methods=[GET]}" onto public com.test.model.Shop com.test.controller.ShopController.getShopGeoLocation(double,double)
2017-04-06 10:24:56.525  INFO 8956 --- [    Test worker] s.w.s.m.m.a.RequestMappingHandlerMapping : Mapped "{[/error]}" onto public org.springframework.http.ResponseEntity<java.util.Map<java.lang.String, java.lang.Object>> org.springframework.boot.autoconfigure.web.BasicErrorController.error(javax.servlet.http.HttpServletRequest)
2017-04-06 10:24:56.525  INFO 8956 --- [    Test worker] s.w.s.m.m.a.RequestMappingHandlerMapping : Mapped "{[/error],produces=[text/html]}" onto public org.springframework.web.servlet.ModelAndView org.springframework.boot.autoconfigure.web.BasicErrorController.errorHtml(javax.servlet.http.HttpServletRequest,javax.servlet.http.HttpServletResponse)
2017-04-06 10:24:56.588  INFO 8956 --- [    Test worker] o.s.w.s.handler.SimpleUrlHandlerMapping  : Mapped URL path [/webjars/**] onto handler of type [class org.springframework.web.servlet.resource.ResourceHttpRequestHandler]
2017-04-06 10:24:56.588  INFO 8956 --- [    Test worker] o.s.w.s.handler.SimpleUrlHandlerMapping  : Mapped URL path [/**] onto handler of type [class org.springframework.web.servlet.resource.ResourceHttpRequestHandler]
2017-04-06 10:24:56.603  INFO 8956 --- [    Test worker] o.s.w.s.handler.SimpleUrlHandlerMapping  : Mapped URL path [/**/favicon.ico] onto handler of type [class org.springframework.web.servlet.resource.ResourceHttpRequestHandler]
2017-04-06 10:24:56.713  INFO 8956 --- [    Test worker] c.t.s.i.GoogleMapsGeolocationServiceTest : Started GoogleMapsGeolocationServiceTest in 0.719 seconds (JVM running for 4.882)
]]></system-out>
  <system-err><![CDATA[]]></system-err>
</testsuite>
