<?xml version="1.0" encoding="UTF-8"?>
<testsuite name="com.test.controller.ShopControllerTest" tests="2" skipped="0" failures="0" errors="0" timestamp="2017-04-06T08:24:55" hostname="PCVAL343" time="0.219">
  <properties/>
  <testcase name="testGetRequestWithUserLocation" classname="com.test.controller.ShopControllerTest" time="0.172"/>
  <testcase name="testPostRequestToSaveShop" classname="com.test.controller.ShopControllerTest" time="0.047"/>
  <system-out><![CDATA[10:24:52.552 [Test worker] DEBUG org.springframework.test.context.junit4.SpringJUnit4ClassRunner - SpringJUnit4ClassRunner constructor called with [class com.test.controller.ShopControllerTest]
10:24:52.552 [Test worker] DEBUG org.springframework.test.context.BootstrapUtils - Instantiating CacheAwareContextLoaderDelegate from class [org.springframework.test.context.cache.DefaultCacheAwareContextLoaderDelegate]
10:24:52.567 [Test worker] DEBUG org.springframework.test.context.BootstrapUtils - Instantiating BootstrapContext using constructor [public org.springframework.test.context.support.DefaultBootstrapContext(java.lang.Class,org.springframework.test.context.CacheAwareContextLoaderDelegate)]
10:24:52.583 [Test worker] DEBUG org.springframework.test.context.BootstrapUtils - Instantiating TestContextBootstrapper for test class [com.test.controller.ShopControllerTest] from class [org.springframework.boot.test.context.SpringBootTestContextBootstrapper]
10:24:52.599 [Test worker] INFO org.springframework.boot.test.context.SpringBootTestContextBootstrapper - Neither @ContextConfiguration nor @ContextHierarchy found for test class [com.test.controller.ShopControllerTest], using SpringBootContextLoader
10:24:52.614 [Test worker] DEBUG org.springframework.test.context.support.AbstractContextLoader - Did not detect default resource location for test class [com.test.controller.ShopControllerTest]: class path resource [com/test/controller/ShopControllerTest-context.xml] does not exist
10:24:52.614 [Test worker] DEBUG org.springframework.test.context.support.AbstractContextLoader - Did not detect default resource location for test class [com.test.controller.ShopControllerTest]: class path resource [com/test/controller/ShopControllerTestContext.groovy] does not exist
10:24:52.614 [Test worker] INFO org.springframework.test.context.support.AbstractContextLoader - Could not detect default resource locations for test class [com.test.controller.ShopControllerTest]: no resource found for suffixes {-context.xml, Context.groovy}.
10:24:52.614 [Test worker] INFO org.springframework.test.context.support.AnnotationConfigContextLoaderUtils - Could not detect default configuration classes for test class [com.test.controller.ShopControllerTest]: ShopControllerTest does not declare any static, non-private, non-final, nested classes annotated with @Configuration.
10:24:52.677 [Test worker] DEBUG org.springframework.test.context.support.ActiveProfilesUtils - Could not find an 'annotation declaring class' for annotation type [org.springframework.test.context.ActiveProfiles] and class [com.test.controller.ShopControllerTest]
10:24:52.677 [Test worker] DEBUG org.springframework.core.env.StandardEnvironment - Adding [systemProperties] PropertySource with lowest search precedence
10:24:52.677 [Test worker] DEBUG org.springframework.core.env.StandardEnvironment - Adding [systemEnvironment] PropertySource with lowest search precedence
10:24:52.677 [Test worker] DEBUG org.springframework.core.env.StandardEnvironment - Initialized StandardEnvironment with PropertySources [systemProperties,systemEnvironment]
10:24:52.692 [Test worker] DEBUG org.springframework.core.io.support.PathMatchingResourcePatternResolver - Resolved classpath location [com/test/controller/] to resources [URL [file:/C:/Users/jtro/Documents/asset-challenge/build/classes/test/com/test/controller/], URL [file:/C:/Users/jtro/Documents/asset-challenge/build/classes/main/com/test/controller/]]
10:24:52.692 [Test worker] DEBUG org.springframework.core.io.support.PathMatchingResourcePatternResolver - Looking for matching resources in directory tree [C:\Users\jtro\Documents\asset-challenge\build\classes\test\com\test\controller]
10:24:52.692 [Test worker] DEBUG org.springframework.core.io.support.PathMatchingResourcePatternResolver - Searching directory [C:\Users\jtro\Documents\asset-challenge\build\classes\test\com\test\controller] for files matching pattern [C:/Users/jtro/Documents/asset-challenge/build/classes/test/com/test/controller/*.class]
10:24:52.692 [Test worker] DEBUG org.springframework.core.io.support.PathMatchingResourcePatternResolver - Looking for matching resources in directory tree [C:\Users\jtro\Documents\asset-challenge\build\classes\main\com\test\controller]
10:24:52.692 [Test worker] DEBUG org.springframework.core.io.support.PathMatchingResourcePatternResolver - Searching directory [C:\Users\jtro\Documents\asset-challenge\build\classes\main\com\test\controller] for files matching pattern [C:/Users/jtro/Documents/asset-challenge/build/classes/main/com/test/controller/*.class]
10:24:52.692 [Test worker] DEBUG org.springframework.core.io.support.PathMatchingResourcePatternResolver - Resolved location pattern [classpath*:com/test/controller/*.class] to resources [file [C:\Users\jtro\Documents\asset-challenge\build\classes\test\com\test\controller\ShopControllerTest.class], file [C:\Users\jtro\Documents\asset-challenge\build\classes\main\com\test\controller\ShopController.class]]
10:24:52.708 [Test worker] DEBUG org.springframework.core.io.support.PathMatchingResourcePatternResolver - Resolved classpath location [com/test/] to resources [URL [file:/C:/Users/jtro/Documents/asset-challenge/build/classes/test/com/test/], URL [file:/C:/Users/jtro/Documents/asset-challenge/build/classes/main/com/test/]]
10:24:52.724 [Test worker] DEBUG org.springframework.core.io.support.PathMatchingResourcePatternResolver - Looking for matching resources in directory tree [C:\Users\jtro\Documents\asset-challenge\build\classes\test\com\test]
10:24:52.724 [Test worker] DEBUG org.springframework.core.io.support.PathMatchingResourcePatternResolver - Searching directory [C:\Users\jtro\Documents\asset-challenge\build\classes\test\com\test] for files matching pattern [C:/Users/jtro/Documents/asset-challenge/build/classes/test/com/test/*.class]
10:24:52.724 [Test worker] DEBUG org.springframework.core.io.support.PathMatchingResourcePatternResolver - Looking for matching resources in directory tree [C:\Users\jtro\Documents\asset-challenge\build\classes\main\com\test]
10:24:52.724 [Test worker] DEBUG org.springframework.core.io.support.PathMatchingResourcePatternResolver - Searching directory [C:\Users\jtro\Documents\asset-challenge\build\classes\main\com\test] for files matching pattern [C:/Users/jtro/Documents/asset-challenge/build/classes/main/com/test/*.class]
10:24:52.724 [Test worker] DEBUG org.springframework.core.io.support.PathMatchingResourcePatternResolver - Resolved location pattern [classpath*:com/test/*.class] to resources [file [C:\Users\jtro\Documents\asset-challenge\build\classes\main\com\test\Application.class]]
10:24:52.739 [Test worker] DEBUG org.springframework.context.annotation.ClassPathScanningCandidateComponentProvider - Identified candidate component class: file [C:\Users\jtro\Documents\asset-challenge\build\classes\main\com\test\Application.class]
10:24:52.739 [Test worker] INFO org.springframework.boot.test.context.SpringBootTestContextBootstrapper - Found @SpringBootConfiguration com.test.Application for test class com.test.controller.ShopControllerTest
10:24:52.739 [Test worker] DEBUG org.springframework.boot.test.context.SpringBootTestContextBootstrapper - @TestExecutionListeners is not present for class [com.test.controller.ShopControllerTest]: using defaults.
10:24:52.739 [Test worker] INFO org.springframework.boot.test.context.SpringBootTestContextBootstrapper - Loaded default TestExecutionListener class names from location [META-INF/spring.factories]: [org.springframework.boot.test.mock.mockito.MockitoTestExecutionListener, org.springframework.boot.test.mock.mockito.ResetMocksTestExecutionListener, org.springframework.boot.test.autoconfigure.restdocs.RestDocsTestExecutionListener, org.springframework.boot.test.autoconfigure.web.client.MockRestServiceServerResetTestExecutionListener, org.springframework.boot.test.autoconfigure.web.servlet.MockMvcPrintOnlyOnFailureTestExecutionListener, org.springframework.boot.test.autoconfigure.web.servlet.WebDriverTestExecutionListener, org.springframework.test.context.web.ServletTestExecutionListener, org.springframework.test.context.support.DirtiesContextBeforeModesTestExecutionListener, org.springframework.test.context.support.DependencyInjectionTestExecutionListener, org.springframework.test.context.support.DirtiesContextTestExecutionListener, org.springframework.test.context.transaction.TransactionalTestExecutionListener, org.springframework.test.context.jdbc.SqlScriptsTestExecutionListener]
10:24:52.755 [Test worker] INFO org.springframework.boot.test.context.SpringBootTestContextBootstrapper - Could not instantiate TestExecutionListener [org.springframework.test.context.transaction.TransactionalTestExecutionListener]. Specify custom listener classes or make the default listener classes (and their required dependencies) available. Offending class: [org/springframework/transaction/interceptor/TransactionAttributeSource]
10:24:52.755 [Test worker] INFO org.springframework.boot.test.context.SpringBootTestContextBootstrapper - Could not instantiate TestExecutionListener [org.springframework.test.context.jdbc.SqlScriptsTestExecutionListener]. Specify custom listener classes or make the default listener classes (and their required dependencies) available. Offending class: [org/springframework/transaction/interceptor/TransactionAttribute]
10:24:52.755 [Test worker] INFO org.springframework.boot.test.context.SpringBootTestContextBootstrapper - Using TestExecutionListeners: [org.springframework.test.context.web.ServletTestExecutionListener@41628e46, org.springframework.test.context.support.DirtiesContextBeforeModesTestExecutionListener@6bfd6c8a, org.springframework.boot.test.autoconfigure.SpringBootDependencyInjectionTestExecutionListener@5cd06d6, org.springframework.test.context.support.DirtiesContextTestExecutionListener@13855930, org.springframework.boot.test.autoconfigure.restdocs.RestDocsTestExecutionListener@46c0f5b8, org.springframework.boot.test.mock.mockito.ResetMocksTestExecutionListener@465958d6, org.springframework.boot.test.autoconfigure.web.servlet.WebDriverTestExecutionListener@2b4f1d7d, org.springframework.boot.test.autoconfigure.web.client.MockRestServiceServerResetTestExecutionListener@123a9dfd, org.springframework.boot.test.mock.mockito.MockitoTestExecutionListener@5316d737, org.springframework.boot.test.autoconfigure.web.servlet.MockMvcPrintOnlyOnFailureTestExecutionListener@5f05ba6b]
10:24:52.755 [Test worker] DEBUG org.springframework.test.annotation.ProfileValueUtils - Retrieved @ProfileValueSourceConfiguration [null] for test class [com.test.controller.ShopControllerTest]
10:24:52.755 [Test worker] DEBUG org.springframework.test.annotation.ProfileValueUtils - Retrieved ProfileValueSource type [class org.springframework.test.annotation.SystemProfileValueSource] for class [com.test.controller.ShopControllerTest]
10:24:52.755 [Test worker] DEBUG org.springframework.test.annotation.ProfileValueUtils - Retrieved @ProfileValueSourceConfiguration [null] for test class [com.test.controller.ShopControllerTest]
10:24:52.755 [Test worker] DEBUG org.springframework.test.annotation.ProfileValueUtils - Retrieved ProfileValueSource type [class org.springframework.test.annotation.SystemProfileValueSource] for class [com.test.controller.ShopControllerTest]
10:24:52.755 [Test worker] DEBUG org.springframework.test.context.support.AbstractDirtiesContextTestExecutionListener - Before test class: context [DefaultTestContext@73b7a677 testClass = ShopControllerTest, testInstance = [null], testMethod = [null], testException = [null], mergedContextConfiguration = [WebMergedContextConfiguration@2014a4c8 testClass = ShopControllerTest, locations = '{}', classes = '{class com.test.Application}', contextInitializerClasses = '[]', activeProfiles = '{}', propertySourceLocations = '{}', propertySourceProperties = '{org.springframework.boot.test.context.SpringBootTestContextBootstrapper=true}', contextCustomizers = set[[ImportsContextCustomizer@4d0b76da key = [org.springframework.boot.test.autoconfigure.web.servlet.MockMvcAutoConfiguration, org.springframework.boot.test.autoconfigure.web.servlet.MockMvcSecurityAutoConfiguration, org.springframework.boot.test.autoconfigure.web.servlet.MockMvcWebClientAutoConfiguration, org.springframework.boot.test.autoconfigure.web.servlet.MockMvcWebDriverAutoConfiguration, Package Import com.test.controller]], org.springframework.boot.test.context.SpringBootTestContextCustomizer@65007a16, org.springframework.boot.test.context.filter.ExcludeFilterContextCustomizer@6102f9ee, org.springframework.boot.test.mock.mockito.MockitoContextCustomizer@d27914e6, org.springframework.boot.test.autoconfigure.properties.PropertyMappingContextCustomizer@e7e8512, org.springframework.boot.test.autoconfigure.web.servlet.WebDriverContextCustomizerFactory$Customizer@36f362f], resourceBasePath = 'src/main/webapp', contextLoader = 'org.springframework.boot.test.context.SpringBootContextLoader', parent = [null]]], class annotated with @DirtiesContext [false] with mode [null].
10:24:52.771 [Test worker] DEBUG org.springframework.test.annotation.ProfileValueUtils - Retrieved @ProfileValueSourceConfiguration [null] for test class [com.test.controller.ShopControllerTest]
10:24:52.771 [Test worker] DEBUG org.springframework.test.annotation.ProfileValueUtils - Retrieved ProfileValueSource type [class org.springframework.test.annotation.SystemProfileValueSource] for class [com.test.controller.ShopControllerTest]
10:24:52.833 [Test worker] DEBUG org.springframework.core.env.StandardEnvironment - Adding [systemProperties] PropertySource with lowest search precedence
10:24:52.833 [Test worker] DEBUG org.springframework.core.env.StandardEnvironment - Adding [systemEnvironment] PropertySource with lowest search precedence
10:24:52.833 [Test worker] DEBUG org.springframework.core.env.StandardEnvironment - Initialized StandardEnvironment with PropertySources [systemProperties,systemEnvironment]
10:24:52.833 [Test worker] DEBUG org.springframework.core.env.MutablePropertySources - Adding [inline] PropertySource with highest search precedence
10:24:52.833 [Test worker] DEBUG org.springframework.test.context.support.TestPropertySourceUtils - Adding inlined properties to environment: {spring.jmx.enabled=false, org.springframework.boot.test.context.SpringBootTestContextBootstrapper=true, server.port=-1}
10:24:52.833 [Test worker] DEBUG org.springframework.core.env.StandardEnvironment - Adding [Inlined Test Properties] PropertySource with highest search precedence

  .   ____          _            __ _ _
 /\\ / ___'_ __ _ _(_)_ __  __ _ \ \ \ \
( ( )\___ | '_ | '_| | '_ \/ _` | \ \ \ \
 \\/  ___)| |_)| | | | | || (_| |  ) ) ) )
  '  |____| .__|_| |_|_| |_\__, | / / / /
 =========|_|==============|___/=/_/_/_/
 :: Spring Boot ::        (v1.5.2.RELEASE)

2017-04-06 10:24:53.146  INFO 8956 --- [    Test worker] com.test.controller.ShopControllerTest   : Starting ShopControllerTest on PCVAL343 with PID 8956 (started by JTRO in C:\Users\jtro\Documents\asset-challenge)
2017-04-06 10:24:53.146  INFO 8956 --- [    Test worker] com.test.controller.ShopControllerTest   : No active profile set, falling back to default profiles: default
2017-04-06 10:24:53.161  INFO 8956 --- [    Test worker] o.s.w.c.s.GenericWebApplicationContext   : Refreshing org.springframework.web.context.support.GenericWebApplicationContext@5a5ebad: startup date [Thu Apr 06 10:24:53 CEST 2017]; root of context hierarchy
2017-04-06 10:24:55.041  INFO 8956 --- [    Test worker] o.s.b.t.m.w.SpringBootMockServletContext : Initializing Spring FrameworkServlet ''
2017-04-06 10:24:55.041  INFO 8956 --- [    Test worker] o.s.t.web.servlet.TestDispatcherServlet  : FrameworkServlet '': initialization started
2017-04-06 10:24:55.275  INFO 8956 --- [    Test worker] s.w.s.m.m.a.RequestMappingHandlerMapping : Mapped "{[/shops],methods=[POST]}" onto public com.test.model.Shop com.test.controller.ShopController.addShop(com.test.model.Shop)
2017-04-06 10:24:55.275  INFO 8956 --- [    Test worker] s.w.s.m.m.a.RequestMappingHandlerMapping : Mapped "{[/shops],methods=[GET]}" onto public com.test.model.Shop com.test.controller.ShopController.getShopGeoLocation(double,double)
2017-04-06 10:24:55.275  INFO 8956 --- [    Test worker] s.w.s.m.m.a.RequestMappingHandlerMapping : Mapped "{[/error]}" onto public org.springframework.http.ResponseEntity<java.util.Map<java.lang.String, java.lang.Object>> org.springframework.boot.autoconfigure.web.BasicErrorController.error(javax.servlet.http.HttpServletRequest)
2017-04-06 10:24:55.275  INFO 8956 --- [    Test worker] s.w.s.m.m.a.RequestMappingHandlerMapping : Mapped "{[/error],produces=[text/html]}" onto public org.springframework.web.servlet.ModelAndView org.springframework.boot.autoconfigure.web.BasicErrorController.errorHtml(javax.servlet.http.HttpServletRequest,javax.servlet.http.HttpServletResponse)
2017-04-06 10:24:55.306  INFO 8956 --- [    Test worker] o.s.w.s.handler.SimpleUrlHandlerMapping  : Mapped URL path [/webjars/**] onto handler of type [class org.springframework.web.servlet.resource.ResourceHttpRequestHandler]
2017-04-06 10:24:55.306  INFO 8956 --- [    Test worker] o.s.w.s.handler.SimpleUrlHandlerMapping  : Mapped URL path [/**] onto handler of type [class org.springframework.web.servlet.resource.ResourceHttpRequestHandler]
2017-04-06 10:24:55.322  INFO 8956 --- [    Test worker] o.s.w.s.handler.SimpleUrlHandlerMapping  : Mapped URL path [/**/favicon.ico] onto handler of type [class org.springframework.web.servlet.resource.ResourceHttpRequestHandler]
2017-04-06 10:24:55.369  INFO 8956 --- [    Test worker] s.w.s.m.m.a.RequestMappingHandlerAdapter : Looking for @ControllerAdvice: org.springframework.web.context.support.GenericWebApplicationContext@5a5ebad: startup date [Thu Apr 06 10:24:53 CEST 2017]; root of context hierarchy
2017-04-06 10:24:55.509  INFO 8956 --- [    Test worker] o.s.t.web.servlet.TestDispatcherServlet  : FrameworkServlet '': initialization completed in 468 ms
2017-04-06 10:24:55.713  INFO 8956 --- [    Test worker] com.test.controller.ShopControllerTest   : Started ShopControllerTest in 2.864 seconds (JVM running for 3.872)
]]></system-out>
  <system-err><![CDATA[]]></system-err>
</testsuite>
