<?xml version="1.0" encoding="UTF-8"?>
<testsuite name="com.test.service.ShopServiceTest" tests="2" skipped="0" failures="0" errors="0" timestamp="2017-04-06T08:24:58" hostname="PCVAL343" time="0.093">
  <properties/>
  <testcase name="testConcurrentSave" classname="com.test.service.ShopServiceTest" time="0.078"/>
  <testcase name="checkGetByLocation" classname="com.test.service.ShopServiceTest" time="0.015"/>
  <system-out><![CDATA[2017-04-06 10:24:58.010  INFO 8956 --- [    Test worker] .b.t.c.SpringBootTestContextBootstrapper : Neither @ContextConfiguration nor @ContextHierarchy found for test class [com.test.service.ShopServiceTest], using SpringBootContextLoader
2017-04-06 10:24:58.010  INFO 8956 --- [    Test worker] o.s.t.c.support.AbstractContextLoader    : Could not detect default resource locations for test class [com.test.service.ShopServiceTest]: no resource found for suffixes {-context.xml, Context.groovy}.
2017-04-06 10:24:58.010  INFO 8956 --- [    Test worker] t.c.s.AnnotationConfigContextLoaderUtils : Could not detect default configuration classes for test class [com.test.service.ShopServiceTest]: ShopServiceTest does not declare any static, non-private, non-final, nested classes annotated with @Configuration.
2017-04-06 10:24:58.041  INFO 8956 --- [    Test worker] .b.t.c.SpringBootTestContextBootstrapper : Found @SpringBootConfiguration com.test.Application for test class com.test.service.ShopServiceTest
2017-04-06 10:24:58.041  INFO 8956 --- [    Test worker] .b.t.c.SpringBootTestContextBootstrapper : Loaded default TestExecutionListener class names from location [META-INF/spring.factories]: [org.springframework.boot.test.mock.mockito.MockitoTestExecutionListener, org.springframework.boot.test.mock.mockito.ResetMocksTestExecutionListener, org.springframework.boot.test.autoconfigure.restdocs.RestDocsTestExecutionListener, org.springframework.boot.test.autoconfigure.web.client.MockRestServiceServerResetTestExecutionListener, org.springframework.boot.test.autoconfigure.web.servlet.MockMvcPrintOnlyOnFailureTestExecutionListener, org.springframework.boot.test.autoconfigure.web.servlet.WebDriverTestExecutionListener, org.springframework.test.context.web.ServletTestExecutionListener, org.springframework.test.context.support.DirtiesContextBeforeModesTestExecutionListener, org.springframework.test.context.support.DependencyInjectionTestExecutionListener, org.springframework.test.context.support.DirtiesContextTestExecutionListener, org.springframework.test.context.transaction.TransactionalTestExecutionListener, org.springframework.test.context.jdbc.SqlScriptsTestExecutionListener]
2017-04-06 10:24:58.041  INFO 8956 --- [    Test worker] .b.t.c.SpringBootTestContextBootstrapper : Could not instantiate TestExecutionListener [org.springframework.test.context.transaction.TransactionalTestExecutionListener]. Specify custom listener classes or make the default listener classes (and their required dependencies) available. Offending class: [org/springframework/transaction/interceptor/TransactionAttributeSource]
2017-04-06 10:24:58.041  INFO 8956 --- [    Test worker] .b.t.c.SpringBootTestContextBootstrapper : Could not instantiate TestExecutionListener [org.springframework.test.context.jdbc.SqlScriptsTestExecutionListener]. Specify custom listener classes or make the default listener classes (and their required dependencies) available. Offending class: [org/springframework/transaction/interceptor/TransactionAttribute]
2017-04-06 10:24:58.041  INFO 8956 --- [    Test worker] .b.t.c.SpringBootTestContextBootstrapper : Using TestExecutionListeners: [org.springframework.test.context.web.ServletTestExecutionListener@2826d196, org.springframework.test.context.support.DirtiesContextBeforeModesTestExecutionListener@1dffd805, org.springframework.boot.test.autoconfigure.SpringBootDependencyInjectionTestExecutionListener@52490c3, org.springframework.test.context.support.DirtiesContextTestExecutionListener@48bd0884, org.springframework.boot.test.autoconfigure.restdocs.RestDocsTestExecutionListener@5689ca64, org.springframework.boot.test.mock.mockito.ResetMocksTestExecutionListener@35d51f40, org.springframework.boot.test.autoconfigure.web.servlet.WebDriverTestExecutionListener@14d623b1, org.springframework.boot.test.autoconfigure.web.client.MockRestServiceServerResetTestExecutionListener@348ff087, org.springframework.boot.test.mock.mockito.MockitoTestExecutionListener@2ccdd698, org.springframework.boot.test.autoconfigure.web.servlet.MockMvcPrintOnlyOnFailureTestExecutionListener@31ffe35e]

  .   ____          _            __ _ _
 /\\ / ___'_ __ _ _(_)_ __  __ _ \ \ \ \
( ( )\___ | '_ | '_| | '_ \/ _` | \ \ \ \
 \\/  ___)| |_)| | | | | || (_| |  ) ) ) )
  '  |____| .__|_| |_|_| |_\__, | / / / /
 =========|_|==============|___/=/_/_/_/
 :: Spring Boot ::        (v1.5.2.RELEASE)

2017-04-06 10:24:58.088  INFO 8956 --- [    Test worker] com.test.service.ShopServiceTest         : Starting ShopServiceTest on PCVAL343 with PID 8956 (started by JTRO in C:\Users\jtro\Documents\asset-challenge)
2017-04-06 10:24:58.088  INFO 8956 --- [    Test worker] com.test.service.ShopServiceTest         : No active profile set, falling back to default profiles: default
2017-04-06 10:24:58.103  INFO 8956 --- [    Test worker] o.s.w.c.s.GenericWebApplicationContext   : Refreshing org.springframework.web.context.support.GenericWebApplicationContext@5c95deda: startup date [Thu Apr 06 10:24:58 CEST 2017]; root of context hierarchy
2017-04-06 10:24:58.621  INFO 8956 --- [    Test worker] s.w.s.m.m.a.RequestMappingHandlerAdapter : Looking for @ControllerAdvice: org.springframework.web.context.support.GenericWebApplicationContext@5c95deda: startup date [Thu Apr 06 10:24:58 CEST 2017]; root of context hierarchy
2017-04-06 10:24:58.621  INFO 8956 --- [    Test worker] s.w.s.m.m.a.RequestMappingHandlerMapping : Mapped "{[/shops],methods=[POST]}" onto public com.test.model.Shop com.test.controller.ShopController.addShop(com.test.model.Shop)
2017-04-06 10:24:58.621  INFO 8956 --- [    Test worker] s.w.s.m.m.a.RequestMappingHandlerMapping : Mapped "{[/shops],methods=[GET]}" onto public com.test.model.Shop com.test.controller.ShopController.getShopGeoLocation(double,double)
2017-04-06 10:24:58.637  INFO 8956 --- [    Test worker] s.w.s.m.m.a.RequestMappingHandlerMapping : Mapped "{[/error]}" onto public org.springframework.http.ResponseEntity<java.util.Map<java.lang.String, java.lang.Object>> org.springframework.boot.autoconfigure.web.BasicErrorController.error(javax.servlet.http.HttpServletRequest)
2017-04-06 10:24:58.637  INFO 8956 --- [    Test worker] s.w.s.m.m.a.RequestMappingHandlerMapping : Mapped "{[/error],produces=[text/html]}" onto public org.springframework.web.servlet.ModelAndView org.springframework.boot.autoconfigure.web.BasicErrorController.errorHtml(javax.servlet.http.HttpServletRequest,javax.servlet.http.HttpServletResponse)
2017-04-06 10:24:58.652  INFO 8956 --- [    Test worker] o.s.w.s.handler.SimpleUrlHandlerMapping  : Mapped URL path [/webjars/**] onto handler of type [class org.springframework.web.servlet.resource.ResourceHttpRequestHandler]
2017-04-06 10:24:58.652  INFO 8956 --- [    Test worker] o.s.w.s.handler.SimpleUrlHandlerMapping  : Mapped URL path [/**] onto handler of type [class org.springframework.web.servlet.resource.ResourceHttpRequestHandler]
2017-04-06 10:24:58.684  INFO 8956 --- [    Test worker] o.s.w.s.handler.SimpleUrlHandlerMapping  : Mapped URL path [/**/favicon.ico] onto handler of type [class org.springframework.web.servlet.resource.ResourceHttpRequestHandler]
2017-04-06 10:24:58.793  INFO 8956 --- [    Test worker] com.test.service.ShopServiceTest         : Started ShopServiceTest in 0.737 seconds (JVM running for 6.963)
]]></system-out>
  <system-err><![CDATA[]]></system-err>
</testsuite>
